<?xml version="1.0" encoding="UTF-8"?>
<!-- Generated by org.testng.reporters.JUnitXMLReporter -->
<testsuite hostname="asda1713po02529" name="test" tests="5" failures="0" timestamp="27 Jul 2017 09:15:48 GMT" time="12.594" errors="0">
  <testcase name="hoverMenuTest" time="0.969" classname="Test.AdvanceTatoc.HoverMenuTest"/>
  <testcase name="queryGateTest" time="1.193" classname="Test.AdvanceTatoc.QuerygateTest"/>
  <testcase name="OoyalaTest" time="0.009" classname="Test.AdvanceTatoc.VideoPlayerTest"/>
  <testcase name="restfulTest" time="0.268" classname="Test.AdvanceTatoc.RestfulApiTest"/>
  <testcase name="fileHandleTest" time="2.414" classname="Test.AdvanceTatoc.DownloadFileTest"/>
</testsuite> <!-- test -->
