<?xml version="1.0" encoding="UTF-8"?>
<!-- Generated by org.testng.reporters.JUnitXMLReporter -->
<testsuite hostname="asda1713po02529" name="test" tests="5" failures="0" timestamp="27 Jul 2017 05:21:46 GMT" time="9.011" errors="0">
  <testcase name="hoverMenuTest" time="1.516" classname="Test.AdvanceTatoc.HoverMenuTest"/>
  <testcase name="queryGateTest" time="3.571" classname="Test.AdvanceTatoc.QuerygateTest"/>
  <testcase name="OoyalaTest" time="0.005" classname="Test.AdvanceTatoc.VideoPlayerTest"/>
  <testcase name="restfulTest" time="0.273" classname="Test.AdvanceTatoc.RestfulApiTest"/>
  <testcase name="fileHandleTest" time="2.431" classname="Test.AdvanceTatoc.DownloadFileTest"/>
</testsuite> <!-- test -->
