<?xml version="1.0" encoding="UTF-8"?>
<!-- Generated by org.testng.reporters.JUnitXMLReporter -->
<testsuite hostname="asda1713po02529" name="test" tests="3" failures="2" timestamp="25 Jul 2017 09:38:50 GMT" time="8.78" errors="0">
  <testcase name="greenGridTest" time="0.377" classname="Test.BasicTatoc.OpenBasicTatocTest"/>
  <testcase name="redGridTest" time="0.754" classname="Test.BasicTatoc.OpenBasicTatocTest">
    <failure type="org.openqa.selenium.WebDriverException" message="Failed to decode response from marionette
Build info: version: &amp;apos;3.4.0&amp;apos;, revision: &amp;apos;unknown&amp;apos;, time: &amp;apos;unknown&amp;apos;
System info: host: &amp;apos;asda1713po02529&amp;apos;, ip: &amp;apos;127.0.1.1&amp;apos;, os.name: &amp;apos;Linux&amp;apos;, os.arch: &amp;apos;amd64&amp;apos;, os.version: &amp;apos;4.4.0-87-generic&amp;apos;, java.version: &amp;apos;1.8.0_131&amp;apos;
Driver info: org.openqa.selenium.firefox.FirefoxDriver
Capabilities [{moz:profile=/tmp/rust_mozprofile.ApM2k9VDGjAw, rotatable=false, timeouts={implicit=0.0, pageLoad=300000.0, script=30000.0}, pageLoadStrategy=normal, platform=ANY, specificationLevel=0.0, moz:accessibilityChecks=false, acceptInsecureCerts=false, browserVersion=54.0, platformVersion=4.4.0-87-generic, moz:processID=5072.0, browserName=firefox, javascriptEnabled=true, platformName=linux}]
Session ID: 3877f08f-f32b-49e0-b4a8-d488a8cc8a1b">
      <![CDATA[org.openqa.selenium.WebDriverException: Failed to decode response from marionette
Build info: version: '3.4.0', revision: 'unknown', time: 'unknown'
System info: host: 'asda1713po02529', ip: '127.0.1.1', os.name: 'Linux', os.arch: 'amd64', os.version: '4.4.0-87-generic', java.version: '1.8.0_131'
Driver info: org.openqa.selenium.firefox.FirefoxDriver
Capabilities [{moz:profile=/tmp/rust_mozprofile.ApM2k9VDGjAw, rotatable=false, timeouts={implicit=0.0, pageLoad=300000.0, script=30000.0}, pageLoadStrategy=normal, platform=ANY, specificationLevel=0.0, moz:accessibilityChecks=false, acceptInsecureCerts=false, browserVersion=54.0, platformVersion=4.4.0-87-generic, moz:processID=5072.0, browserName=firefox, javascriptEnabled=true, platformName=linux}]
Session ID: 3877f08f-f32b-49e0-b4a8-d488a8cc8a1b
	at org.openqa.selenium.remote.http.W3CHttpResponseCodec.createException(W3CHttpResponseCodec.java:150)
	at org.openqa.selenium.remote.http.W3CHttpResponseCodec.decode(W3CHttpResponseCodec.java:115)
	at org.openqa.selenium.remote.http.W3CHttpResponseCodec.decode(W3CHttpResponseCodec.java:45)
	at org.openqa.selenium.remote.HttpCommandExecutor.execute(HttpCommandExecutor.java:164)
	at org.openqa.selenium.remote.service.DriverCommandExecutor.execute(DriverCommandExecutor.java:82)
	at org.openqa.selenium.remote.RemoteWebDriver.execute(RemoteWebDriver.java:637)
	at org.openqa.selenium.remote.RemoteWebElement.execute(RemoteWebElement.java:272)
	at org.openqa.selenium.remote.RemoteWebElement.click(RemoteWebElement.java:82)
	at Test.BasicTatoc.OpenBasicTatocTest.redGridTest(OpenBasicTatocTest.java:64)
... Removed 28 stack frames]]>
    </failure>
  </testcase> <!-- redGridTest -->
  <testcase name="repaintSecondBoxtest" time="3.001" classname="Test.BasicTatoc.DungeonTest">
    <failure type="java.lang.NullPointerException">
      <![CDATA[java.lang.NullPointerException
	at Test.BasicTatoc.DungeonTest.repaintSecondBoxtest(DungeonTest.java:35)
... Removed 24 stack frames]]>
    </failure>
  </testcase> <!-- repaintSecondBoxtest -->
</testsuite> <!-- test -->
