<?xml version="1.0" encoding="UTF-8"?>
<!-- Generated by org.testng.reporters.JUnitXMLReporter -->
<testsuite hostname="asda1713po02529" name="test" tests="11" failures="0" timestamp="31 Jul 2017 04:57:06 GMT" time="5.407" errors="0">
  <testcase name="greenGridTest" time="1.363" classname="Test.BasicTatoc.GridTest"/>
  <testcase name="redGridTest" time="0.347" classname="Test.BasicTatoc.GridTest"/>
  <testcase name="repaintSecondBoxtest" time="0.294" classname="Test.BasicTatoc.DungeonTest"/>
  <testcase name="proceedFailTest" time="0.239" classname="Test.BasicTatoc.DungeonTest"/>
  <testcase name="proceedPassTest" time="0.328" classname="Test.BasicTatoc.DungeonTest"/>
  <testcase name="dragAndDropFailTest" time="0.161" classname="Test.BasicTatoc.DragAndDropTest"/>
  <testcase name="dragAndDropTest" time="0.235" classname="Test.BasicTatoc.DragAndDropTest"/>
  <testcase name="launchPopupWindowTest" time="0.118" classname="Test.BasicTatoc.PopupWindowTest"/>
  <testcase name="submitNameFailtest" time="0.316" classname="Test.BasicTatoc.PopupWindowTest"/>
  <testcase name="submitNameTest" time="0.497" classname="Test.BasicTatoc.PopupWindowTest"/>
  <testcase name="generateToken" time="0.331" classname="Test.BasicTatoc.GenerateTokenTest"/>
</testsuite> <!-- test -->
