<?xml version="1.0" encoding="UTF-8"?>
<testng-results skipped="0" failed="1" total="9" passed="8">
  <reporter-output>
  </reporter-output>
  <suite name="Default suite" duration-ms="1914099" started-at="2017-07-25T13:09:21Z" finished-at="2017-07-25T13:41:15Z">
    <groups>
    </groups>
    <test name="Default test" duration-ms="1914099" started-at="2017-07-25T13:09:21Z" finished-at="2017-07-25T13:41:15Z">
      <class name="Test.BasicTatoc.OpenBasicTatocTest">
        <test-method status="PASS" signature="launchBrowser()[pri:0, instance:Test.BasicTatoc.OpenBasicTatocTest@26be92ad]" name="launchBrowser" is-config="true" duration-ms="4395" started-at="2017-07-25T18:39:21Z" finished-at="2017-07-25T18:39:25Z">
          <reporter-output>
          </reporter-output>
        </test-method> <!-- launchBrowser -->
        <test-method status="PASS" signature="greenGridTest()[pri:1, instance:Test.BasicTatoc.OpenBasicTatocTest@26be92ad]" name="greenGridTest" duration-ms="355" started-at="2017-07-25T18:39:25Z" finished-at="2017-07-25T18:39:26Z">
          <reporter-output>
          </reporter-output>
        </test-method> <!-- greenGridTest -->
        <test-method status="PASS" signature="redGridTest()[pri:2, instance:Test.BasicTatoc.OpenBasicTatocTest@26be92ad]" name="redGridTest" duration-ms="502" started-at="2017-07-25T18:39:26Z" finished-at="2017-07-25T18:39:26Z">
          <reporter-output>
          </reporter-output>
        </test-method> <!-- redGridTest -->
        <test-method status="PASS" signature="repaintSecondBoxtest()[pri:3, instance:Test.BasicTatoc.OpenBasicTatocTest@26be92ad]" name="repaintSecondBoxtest" duration-ms="291" started-at="2017-07-25T18:39:26Z" finished-at="2017-07-25T18:39:27Z">
          <reporter-output>
          </reporter-output>
        </test-method> <!-- repaintSecondBoxtest -->
        <test-method status="PASS" signature="proceedFailTest()[pri:4, instance:Test.BasicTatoc.OpenBasicTatocTest@26be92ad]" name="proceedFailTest" duration-ms="301" started-at="2017-07-25T18:39:27Z" finished-at="2017-07-25T18:39:27Z">
          <reporter-output>
          </reporter-output>
        </test-method> <!-- proceedFailTest -->
        <test-method status="PASS" signature="proceedPassTest()[pri:5, instance:Test.BasicTatoc.OpenBasicTatocTest@26be92ad]" name="proceedPassTest" duration-ms="20922" started-at="2017-07-25T18:39:27Z" finished-at="2017-07-25T18:39:48Z">
          <reporter-output>
          </reporter-output>
        </test-method> <!-- proceedPassTest -->
        <test-method status="PASS" signature="dragAndDropFailTest()[pri:6, instance:Test.BasicTatoc.OpenBasicTatocTest@26be92ad]" name="dragAndDropFailTest" duration-ms="228" started-at="2017-07-25T18:39:48Z" finished-at="2017-07-25T18:39:48Z">
          <reporter-output>
          </reporter-output>
        </test-method> <!-- dragAndDropFailTest -->
        <test-method status="PASS" signature="dragAndDropTest()[pri:7, instance:Test.BasicTatoc.OpenBasicTatocTest@26be92ad]" name="dragAndDropTest" duration-ms="513" started-at="2017-07-25T18:39:48Z" finished-at="2017-07-25T18:39:49Z">
          <reporter-output>
          </reporter-output>
        </test-method> <!-- dragAndDropTest -->
        <test-method status="PASS" signature="launchPopupWindowTest()[pri:8, instance:Test.BasicTatoc.OpenBasicTatocTest@26be92ad]" name="launchPopupWindowTest" duration-ms="203" started-at="2017-07-25T18:39:49Z" finished-at="2017-07-25T18:39:49Z">
          <reporter-output>
          </reporter-output>
        </test-method> <!-- launchPopupWindowTest -->
        <test-method status="FAIL" signature="submitNameFailtest()[pri:9, instance:Test.BasicTatoc.OpenBasicTatocTest@26be92ad]" name="submitNameFailtest" duration-ms="1886366" started-at="2017-07-25T18:39:49Z" finished-at="2017-07-25T19:11:15Z">
          <exception class="org.openqa.selenium.WebDriverException">
            <message>
              <![CDATA[Failed to decode response from marionette
Build info: version: '3.4.0', revision: 'unknown', time: 'unknown'
System info: host: 'asda1713po02529', ip: '127.0.1.1', os.name: 'Linux', os.arch: 'amd64', os.version: '4.4.0-87-generic', java.version: '1.8.0_131'
Driver info: org.openqa.selenium.firefox.FirefoxDriver
Capabilities [{moz:profile=/tmp/rust_mozprofile.4oIK7DkricWU, rotatable=false, timeouts={implicit=0.0, pageLoad=300000.0, script=30000.0}, pageLoadStrategy=normal, platform=ANY, specificationLevel=0.0, moz:accessibilityChecks=false, acceptInsecureCerts=false, browserVersion=54.0, platformVersion=4.4.0-87-generic, moz:processID=11772.0, browserName=firefox, javascriptEnabled=true, platformName=linux}]
Session ID: b918c784-d991-4571-b1fb-b54d62085232]]>
            </message>
            <full-stacktrace>
              <![CDATA[org.openqa.selenium.WebDriverException: Failed to decode response from marionette
Build info: version: '3.4.0', revision: 'unknown', time: 'unknown'
System info: host: 'asda1713po02529', ip: '127.0.1.1', os.name: 'Linux', os.arch: 'amd64', os.version: '4.4.0-87-generic', java.version: '1.8.0_131'
Driver info: org.openqa.selenium.firefox.FirefoxDriver
Capabilities [{moz:profile=/tmp/rust_mozprofile.4oIK7DkricWU, rotatable=false, timeouts={implicit=0.0, pageLoad=300000.0, script=30000.0}, pageLoadStrategy=normal, platform=ANY, specificationLevel=0.0, moz:accessibilityChecks=false, acceptInsecureCerts=false, browserVersion=54.0, platformVersion=4.4.0-87-generic, moz:processID=11772.0, browserName=firefox, javascriptEnabled=true, platformName=linux}]
Session ID: b918c784-d991-4571-b1fb-b54d62085232
	at sun.reflect.NativeConstructorAccessorImpl.newInstance0(Native Method)
	at sun.reflect.NativeConstructorAccessorImpl.newInstance(NativeConstructorAccessorImpl.java:62)
	at sun.reflect.DelegatingConstructorAccessorImpl.newInstance(DelegatingConstructorAccessorImpl.java:45)
	at java.lang.reflect.Constructor.newInstance(Constructor.java:423)
	at org.openqa.selenium.remote.http.W3CHttpResponseCodec.createException(W3CHttpResponseCodec.java:150)
	at org.openqa.selenium.remote.http.W3CHttpResponseCodec.decode(W3CHttpResponseCodec.java:115)
	at org.openqa.selenium.remote.http.W3CHttpResponseCodec.decode(W3CHttpResponseCodec.java:45)
	at org.openqa.selenium.remote.HttpCommandExecutor.execute(HttpCommandExecutor.java:164)
	at org.openqa.selenium.remote.service.DriverCommandExecutor.execute(DriverCommandExecutor.java:82)
	at org.openqa.selenium.remote.RemoteWebDriver.execute(RemoteWebDriver.java:637)
	at org.openqa.selenium.remote.RemoteWebElement.execute(RemoteWebElement.java:272)
	at org.openqa.selenium.remote.RemoteWebElement.click(RemoteWebElement.java:82)
	at Test.BasicTatoc.OpenBasicTatocTest.submitNameFailtest(OpenBasicTatocTest.java:216)
	at sun.reflect.NativeMethodAccessorImpl.invoke0(Native Method)
	at sun.reflect.NativeMethodAccessorImpl.invoke(NativeMethodAccessorImpl.java:62)
	at sun.reflect.DelegatingMethodAccessorImpl.invoke(DelegatingMethodAccessorImpl.java:43)
	at java.lang.reflect.Method.invoke(Method.java:498)
	at org.testng.internal.MethodInvocationHelper.invokeMethod(MethodInvocationHelper.java:86)
	at org.testng.internal.Invoker.invokeMethod(Invoker.java:643)
	at org.testng.internal.Invoker.invokeTestMethod(Invoker.java:820)
	at org.testng.internal.Invoker.invokeTestMethods(Invoker.java:1128)
	at org.testng.internal.TestMethodWorker.invokeTestMethods(TestMethodWorker.java:129)
	at org.testng.internal.TestMethodWorker.run(TestMethodWorker.java:112)
	at org.testng.TestRunner.privateRun(TestRunner.java:782)
	at org.testng.TestRunner.run(TestRunner.java:632)
	at org.testng.SuiteRunner.runTest(SuiteRunner.java:366)
	at org.testng.SuiteRunner.runSequentially(SuiteRunner.java:361)
	at org.testng.SuiteRunner.privateRun(SuiteRunner.java:319)
	at org.testng.SuiteRunner.run(SuiteRunner.java:268)
	at org.testng.SuiteRunnerWorker.runSuite(SuiteRunnerWorker.java:52)
	at org.testng.SuiteRunnerWorker.run(SuiteRunnerWorker.java:86)
	at org.testng.TestNG.runSuitesSequentially(TestNG.java:1244)
	at org.testng.TestNG.runSuitesLocally(TestNG.java:1169)
	at org.testng.TestNG.run(TestNG.java:1064)
	at org.testng.remote.AbstractRemoteTestNG.run(AbstractRemoteTestNG.java:132)
	at org.testng.remote.RemoteTestNG.initAndRun(RemoteTestNG.java:230)
	at org.testng.remote.RemoteTestNG.main(RemoteTestNG.java:76)
]]>
            </full-stacktrace>
          </exception> <!-- org.openqa.selenium.WebDriverException -->
          <reporter-output>
          </reporter-output>
        </test-method> <!-- submitNameFailtest -->
      </class> <!-- Test.BasicTatoc.OpenBasicTatocTest -->
    </test> <!-- Default test -->
  </suite> <!-- Default suite -->
</testng-results>
